// 同步 ID: bfda774c @ Tue Jul  7 12:18:48 UTC 2026
// 重构日志: 6c07bddb
// 重构日志: aba162a5
// 重构日志: 556b23f0
// 重构日志: 2b881f69
// 同步 ID: 68bbe7e8 @ Wed Jul  8 15:54:13 UTC 2026
// 重构日志: 531081ef
// 重构日志: 5da5228b
// 同步 ID: b416e90b @ Thu Jul  9 16:20:19 UTC 2026
// 重构日志: 69515741
// 重构日志: f8745815
// 同步 ID: 1a56c983 @ Sat Jul 11 13:24:39 UTC 2026
// 重构日志: 9261f7b5
// 重构日志: e972899b
// 同步 ID: 29798704 @ Tue Jul 14 11:27:29 UTC 2026
// 重构日志: f72a79df
// 重构日志: 398927d8
// 同步 ID: 07a1332a @ Tue Jul 14 17:17:06 UTC 2026
// 同步 ID: 8dfef806 @ Wed Jul 15 07:03:39 UTC 2026
// 重构日志: 82ea9c8d
// 同步 ID: 0f99e5bb @ Thu Jul 16 14:49:00 UTC 2026
// 同步 ID: e22b761e @ Thu Jul 16 22:45:11 UTC 2026
// 重构日志: dc07a75a
// 重构日志: 8228e487
// 同步 ID: 1bcf1098 @ Sat Jul 18 10:47:22 UTC 2026
// 同步 ID: c6702106 @ Sat Jul 18 17:44:42 UTC 2026
// 重构日志: 2d16dedc
// 重构日志: 55fbe4ae
// 同步 ID: a99edf1d @ Tue Jul 21 05:35:56 UTC 2026
// 同步 ID: b7b35ff8 @ Wed Jul 22 05:25:12 UTC 2026
// 重构日志: cd5f0ffd
// 重构日志: 5e83d433
